22:17:45 INFO  manager.ApplicationManager - Tests start on Chrome
22:17:50 INFO  manager.TestNGListener - Test started
22:17:50 INFO  tests.TestBase - Test testRegistrationPositiveDTO started
22:17:50 INFO  manager.WebDriverListener - Start searching element---> By.xpath: //*[text()=' Logout ']
22:17:55 INFO  manager.WebDriverListener - Element with locator--->By.xpath: //*[text()=' Logout '] is found
22:17:55 INFO  manager.TestNGListener - TesttestRegistrationPositiveDTO started
22:17:55 INFO  manager.WebDriverListener - Start searching element---> By.xpath: //*[text()=' Sign up ']
22:17:55 INFO  manager.WebDriverListener - Element with locator--->By.xpath: //*[text()=' Sign up '] is found
22:17:55 INFO  tests.TestBase - openRegistrationForm invoked
22:17:55 INFO  manager.WebDriverListener - Start searching element---> By.xpath: //*[@id='name']
22:17:55 INFO  manager.WebDriverListener - Element with locator--->By.xpath: //*[@id='name'] is found
22:17:55 INFO  manager.WebDriverListener - Start searching element---> By.xpath: //*[@id='lastName']
22:17:55 INFO  manager.WebDriverListener - Element with locator--->By.xpath: //*[@id='lastName'] is found
22:17:55 INFO  manager.WebDriverListener - Start searching element---> By.xpath: //*[@id='email']
22:17:55 INFO  manager.WebDriverListener - Element with locator--->By.xpath: //*[@id='email'] is found
22:17:55 INFO  manager.WebDriverListener - Start searching element---> By.xpath: //*[@id='password']
22:17:55 INFO  manager.WebDriverListener - Element with locator--->By.xpath: //*[@id='password'] is found
22:17:55 INFO  tests.TestBase - fillRegistrationForm invoked
22:17:55 INFO  manager.WebDriverListener - Start searching element---> By.xpath: //*[@type='submit']
22:17:55 INFO  manager.WebDriverListener - Element with locator--->By.xpath: //*[@type='submit'] is found
22:17:55 INFO  tests.TestBase - submitRegistrationForm invoked
22:17:55 INFO  tests.TestBase - registrationPositive starts successfully with credentials: login joe_12@gmail.com password $Asdf1234
22:17:55 INFO  manager.WebDriverListener - Start searching element---> By.xpath: //*[text()=' Logout ']
22:17:57 INFO  manager.WebDriverListener - Element with locator--->By.xpath: //*[text()=' Logout '] is found
22:17:57 INFO  manager.TestNGListener - Test testRegistrationPositiveDTO successfully
22:17:57 INFO  manager.WebDriverListener - Start searching element---> By.xpath: //button[@type='button']
22:17:57 INFO  manager.WebDriverListener - Element with locator--->By.xpath: //button[@type='button'] is found
22:17:57 INFO  tests.TestBase - ================================
22:17:57 INFO  tests.TestBase - Test testRegistrationPositiveDTO started
22:17:57 INFO  manager.WebDriverListener - Start searching element---> By.xpath: //*[text()=' Logout ']
22:17:57 INFO  manager.WebDriverListener - Element with locator--->By.xpath: //*[text()=' Logout '] is found
22:17:57 INFO  manager.WebDriverListener - Start searching element---> By.xpath: //*[text()=' Logout ']
22:17:57 INFO  manager.WebDriverListener - Element with locator--->By.xpath: //*[text()=' Logout '] is found
22:17:57 INFO  manager.TestNGListener - TesttestRegistrationPositiveDTO started
22:17:57 INFO  manager.WebDriverListener - Start searching element---> By.xpath: //*[text()=' Sign up ']
22:17:57 INFO  manager.WebDriverListener - Element with locator--->By.xpath: //*[text()=' Sign up '] is found
22:17:57 INFO  tests.TestBase - openRegistrationForm invoked
22:17:57 INFO  manager.WebDriverListener - Start searching element---> By.xpath: //*[@id='name']
22:18:02 INFO  manager.WebDriverListener - Exception
22:18:02 INFO  manager.WebDriverListener - no such element: Unable to locate element: {"method":"xpath","selector":"//*[@id='name']"}
  (Session info: chrome=120.0.6099.71)
For documentation on this error, please visit: https://www.seleniumhq.org/exceptions/no_such_element.html
Build info: version: '3.141.59', revision: 'e82be7d358', time: '2018-11-14T08:17:03'
System info: host: 'Ilyas-MacBook-Air.local', ip: '2a01:73c0:66e:da3b:c4be:9892:7484:4a20%en0', os.name: 'Mac OS X', os.arch: 'aarch64', os.version: '13.6', java.version: '1.8.0_381'
Driver info: org.openqa.selenium.chrome.ChromeDriver
Capabilities {acceptInsecureCerts: false, browserName: chrome, browserVersion: 120.0.6099.71, chrome: {chromedriverVersion: 119.0.6045.105 (38c72552c5e..., userDataDir: /var/folders/wv/d1h11w2x5lq...}, fedcm:accounts: true, goog:chromeOptions: {debuggerAddress: localhost:52749}, javascriptEnabled: true, networkConnectionEnabled: false, pageLoadStrategy: normal, platform: MAC, platformName: MAC, proxy: Proxy(), setWindowRect: true, strictFileInteractability: false, timeouts: {implicit: 0, pageLoad: 300000, script: 30000}, unhandledPromptBehavior: dismiss and notify, webauthn:extension:credBlob: true, webauthn:extension:largeBlob: true, webauthn:extension:minPinLength: true, webauthn:extension:prf: true, webauthn:virtualAuthenticators: true}
Session ID: aa7a41f5f4f994a11ee92879d0a0d85d
*** Element info: {Using=xpath, value=//*[@id='name']}
22:18:02 INFO  manager.WebDriverListener - org.openqa.selenium.NoSuchElementException: no such element: Unable to locate element: {"method":"xpath","selector":"//*[@id='name']"}
  (Session info: chrome=120.0.6099.71)
For documentation on this error, please visit: https://www.seleniumhq.org/exceptions/no_such_element.html
Build info: version: '3.141.59', revision: 'e82be7d358', time: '2018-11-14T08:17:03'
System info: host: 'Ilyas-MacBook-Air.local', ip: '2a01:73c0:66e:da3b:c4be:9892:7484:4a20%en0', os.name: 'Mac OS X', os.arch: 'aarch64', os.version: '13.6', java.version: '1.8.0_381'
Driver info: org.openqa.selenium.chrome.ChromeDriver
Capabilities {acceptInsecureCerts: false, browserName: chrome, browserVersion: 120.0.6099.71, chrome: {chromedriverVersion: 119.0.6045.105 (38c72552c5e..., userDataDir: /var/folders/wv/d1h11w2x5lq...}, fedcm:accounts: true, goog:chromeOptions: {debuggerAddress: localhost:52749}, javascriptEnabled: true, networkConnectionEnabled: false, pageLoadStrategy: normal, platform: MAC, platformName: MAC, proxy: Proxy(), setWindowRect: true, strictFileInteractability: false, timeouts: {implicit: 0, pageLoad: 300000, script: 30000}, unhandledPromptBehavior: dismiss and notify, webauthn:extension:credBlob: true, webauthn:extension:largeBlob: true, webauthn:extension:minPinLength: true, webauthn:extension:prf: true, webauthn:virtualAuthenticators: true}
Session ID: aa7a41f5f4f994a11ee92879d0a0d85d
*** Element info: {Using=xpath, value=//*[@id='name']}
22:18:02 INFO  manager.WebDriverListener - Screenshot----> src/test/screenshots/screen1082.png
22:18:02 INFO  manager.TestNGListener - Test
22:18:02 INFO  manager.WebDriverListener - Start searching element---> By.xpath: //button[@type='button']
22:18:08 INFO  manager.WebDriverListener - Exception
22:18:08 INFO  manager.WebDriverListener - no such element: Unable to locate element: {"method":"xpath","selector":"//button[@type='button']"}
  (Session info: chrome=120.0.6099.71)
For documentation on this error, please visit: https://www.seleniumhq.org/exceptions/no_such_element.html
Build info: version: '3.141.59', revision: 'e82be7d358', time: '2018-11-14T08:17:03'
System info: host: 'Ilyas-MacBook-Air.local', ip: '2a01:73c0:66e:da3b:c4be:9892:7484:4a20%en0', os.name: 'Mac OS X', os.arch: 'aarch64', os.version: '13.6', java.version: '1.8.0_381'
Driver info: org.openqa.selenium.chrome.ChromeDriver
Capabilities {acceptInsecureCerts: false, browserName: chrome, browserVersion: 120.0.6099.71, chrome: {chromedriverVersion: 119.0.6045.105 (38c72552c5e..., userDataDir: /var/folders/wv/d1h11w2x5lq...}, fedcm:accounts: true, goog:chromeOptions: {debuggerAddress: localhost:52749}, javascriptEnabled: true, networkConnectionEnabled: false, pageLoadStrategy: normal, platform: MAC, platformName: MAC, proxy: Proxy(), setWindowRect: true, strictFileInteractability: false, timeouts: {implicit: 0, pageLoad: 300000, script: 30000}, unhandledPromptBehavior: dismiss and notify, webauthn:extension:credBlob: true, webauthn:extension:largeBlob: true, webauthn:extension:minPinLength: true, webauthn:extension:prf: true, webauthn:virtualAuthenticators: true}
Session ID: aa7a41f5f4f994a11ee92879d0a0d85d
*** Element info: {Using=xpath, value=//button[@type='button']}
22:18:08 INFO  manager.WebDriverListener - org.openqa.selenium.NoSuchElementException: no such element: Unable to locate element: {"method":"xpath","selector":"//button[@type='button']"}
  (Session info: chrome=120.0.6099.71)
For documentation on this error, please visit: https://www.seleniumhq.org/exceptions/no_such_element.html
Build info: version: '3.141.59', revision: 'e82be7d358', time: '2018-11-14T08:17:03'
System info: host: 'Ilyas-MacBook-Air.local', ip: '2a01:73c0:66e:da3b:c4be:9892:7484:4a20%en0', os.name: 'Mac OS X', os.arch: 'aarch64', os.version: '13.6', java.version: '1.8.0_381'
Driver info: org.openqa.selenium.chrome.ChromeDriver
Capabilities {acceptInsecureCerts: false, browserName: chrome, browserVersion: 120.0.6099.71, chrome: {chromedriverVersion: 119.0.6045.105 (38c72552c5e..., userDataDir: /var/folders/wv/d1h11w2x5lq...}, fedcm:accounts: true, goog:chromeOptions: {debuggerAddress: localhost:52749}, javascriptEnabled: true, networkConnectionEnabled: false, pageLoadStrategy: normal, platform: MAC, platformName: MAC, proxy: Proxy(), setWindowRect: true, strictFileInteractability: false, timeouts: {implicit: 0, pageLoad: 300000, script: 30000}, unhandledPromptBehavior: dismiss and notify, webauthn:extension:credBlob: true, webauthn:extension:largeBlob: true, webauthn:extension:minPinLength: true, webauthn:extension:prf: true, webauthn:virtualAuthenticators: true}
Session ID: aa7a41f5f4f994a11ee92879d0a0d85d
*** Element info: {Using=xpath, value=//button[@type='button']}
22:18:08 INFO  manager.WebDriverListener - Screenshot----> src/test/screenshots/screen1088.png
22:18:08 INFO  manager.TestNGListener - TesttestRegistrationPositiveDTO started
22:18:08 INFO  manager.TestNGListener - Test skipped
22:18:08 INFO  manager.TestNGListener - TesttestRegistrationPositiveDTO started
22:18:08 INFO  manager.TestNGListener - Test skipped
22:18:08 INFO  manager.TestNGListener - TesttestRegistrationPositiveDTO started
22:18:08 INFO  manager.TestNGListener - Test skipped
22:18:08 INFO  manager.TestNGListener - Test finished
