19:15:49 INFO  manager.WebDriverListener - Start searching element---> By.xpath: //*[text()=' Logout ']
19:15:54 INFO  manager.WebDriverListener - Element with locator--->By.xpath: //*[text()=' Logout '] is found
19:15:54 INFO  manager.WebDriverListener - Start searching element---> By.xpath: //*[text()=' Sign up ']
19:15:54 INFO  manager.WebDriverListener - Element with locator--->By.xpath: //*[text()=' Sign up '] is found
19:15:54 INFO  TestBase - openRegistrationForm invoked
19:15:54 INFO  manager.WebDriverListener - Start searching element---> By.xpath: //*[@id='name']
19:15:54 INFO  manager.WebDriverListener - Element with locator--->By.xpath: //*[@id='name'] is found
19:15:54 INFO  manager.WebDriverListener - Start searching element---> By.xpath: //*[@id='lastName']
19:15:54 INFO  manager.WebDriverListener - Element with locator--->By.xpath: //*[@id='lastName'] is found
19:15:54 INFO  manager.WebDriverListener - Start searching element---> By.xpath: //*[@id='email']
19:15:54 INFO  manager.WebDriverListener - Element with locator--->By.xpath: //*[@id='email'] is found
19:15:55 INFO  manager.WebDriverListener - Start searching element---> By.xpath: /*[@id='password']
19:16:00 INFO  manager.WebDriverListener - Exception
19:16:00 INFO  manager.WebDriverListener - no such element: Unable to locate element: {"method":"xpath","selector":"/*[@id='password']"}
  (Session info: chrome=119.0.6045.159)
For documentation on this error, please visit: https://www.seleniumhq.org/exceptions/no_such_element.html
Build info: version: '3.141.59', revision: 'e82be7d358', time: '2018-11-14T08:17:03'
System info: host: 'Ilyas-MacBook-Air.local', ip: '2a01:73c0:66e:e6fa:f1cf:b959:e3ec:5fc1%en0', os.name: 'Mac OS X', os.arch: 'aarch64', os.version: '13.6', java.version: '1.8.0_381'
Driver info: org.openqa.selenium.chrome.ChromeDriver
Capabilities {acceptInsecureCerts: false, browserName: chrome, browserVersion: 119.0.6045.159, chrome: {chromedriverVersion: 119.0.6045.105 (38c72552c5e..., userDataDir: /var/folders/wv/d1h11w2x5lq...}, fedcm:accounts: true, goog:chromeOptions: {debuggerAddress: localhost:61483}, javascriptEnabled: true, networkConnectionEnabled: false, pageLoadStrategy: normal, platform: MAC, platformName: MAC, proxy: Proxy(), setWindowRect: true, strictFileInteractability: false, timeouts: {implicit: 0, pageLoad: 300000, script: 30000}, unhandledPromptBehavior: dismiss and notify, webauthn:extension:credBlob: true, webauthn:extension:largeBlob: true, webauthn:extension:minPinLength: true, webauthn:extension:prf: true, webauthn:virtualAuthenticators: true}
Session ID: aea9bae6ccffcc9e00e9878b4a04cce3
*** Element info: {Using=xpath, value=/*[@id='password']}
19:16:00 INFO  manager.WebDriverListener - org.openqa.selenium.NoSuchElementException: no such element: Unable to locate element: {"method":"xpath","selector":"/*[@id='password']"}
  (Session info: chrome=119.0.6045.159)
For documentation on this error, please visit: https://www.seleniumhq.org/exceptions/no_such_element.html
Build info: version: '3.141.59', revision: 'e82be7d358', time: '2018-11-14T08:17:03'
System info: host: 'Ilyas-MacBook-Air.local', ip: '2a01:73c0:66e:e6fa:f1cf:b959:e3ec:5fc1%en0', os.name: 'Mac OS X', os.arch: 'aarch64', os.version: '13.6', java.version: '1.8.0_381'
Driver info: org.openqa.selenium.chrome.ChromeDriver
Capabilities {acceptInsecureCerts: false, browserName: chrome, browserVersion: 119.0.6045.159, chrome: {chromedriverVersion: 119.0.6045.105 (38c72552c5e..., userDataDir: /var/folders/wv/d1h11w2x5lq...}, fedcm:accounts: true, goog:chromeOptions: {debuggerAddress: localhost:61483}, javascriptEnabled: true, networkConnectionEnabled: false, pageLoadStrategy: normal, platform: MAC, platformName: MAC, proxy: Proxy(), setWindowRect: true, strictFileInteractability: false, timeouts: {implicit: 0, pageLoad: 300000, script: 30000}, unhandledPromptBehavior: dismiss and notify, webauthn:extension:credBlob: true, webauthn:extension:largeBlob: true, webauthn:extension:minPinLength: true, webauthn:extension:prf: true, webauthn:virtualAuthenticators: true}
Session ID: aea9bae6ccffcc9e00e9878b4a04cce3
*** Element info: {Using=xpath, value=/*[@id='password']}
19:16:01 INFO  manager.WebDriverListener - Screenshot----> src/test/screenshots/screen960.png
19:16:01 INFO  manager.WebDriverListener - Start searching element---> By.xpath: //button[@type='button']
19:16:06 INFO  manager.WebDriverListener - Exception
19:16:06 INFO  manager.WebDriverListener - no such element: Unable to locate element: {"method":"xpath","selector":"//button[@type='button']"}
  (Session info: chrome=119.0.6045.159)
For documentation on this error, please visit: https://www.seleniumhq.org/exceptions/no_such_element.html
Build info: version: '3.141.59', revision: 'e82be7d358', time: '2018-11-14T08:17:03'
System info: host: 'Ilyas-MacBook-Air.local', ip: '2a01:73c0:66e:e6fa:f1cf:b959:e3ec:5fc1%en0', os.name: 'Mac OS X', os.arch: 'aarch64', os.version: '13.6', java.version: '1.8.0_381'
Driver info: org.openqa.selenium.chrome.ChromeDriver
Capabilities {acceptInsecureCerts: false, browserName: chrome, browserVersion: 119.0.6045.159, chrome: {chromedriverVersion: 119.0.6045.105 (38c72552c5e..., userDataDir: /var/folders/wv/d1h11w2x5lq...}, fedcm:accounts: true, goog:chromeOptions: {debuggerAddress: localhost:61483}, javascriptEnabled: true, networkConnectionEnabled: false, pageLoadStrategy: normal, platform: MAC, platformName: MAC, proxy: Proxy(), setWindowRect: true, strictFileInteractability: false, timeouts: {implicit: 0, pageLoad: 300000, script: 30000}, unhandledPromptBehavior: dismiss and notify, webauthn:extension:credBlob: true, webauthn:extension:largeBlob: true, webauthn:extension:minPinLength: true, webauthn:extension:prf: true, webauthn:virtualAuthenticators: true}
Session ID: aea9bae6ccffcc9e00e9878b4a04cce3
*** Element info: {Using=xpath, value=//button[@type='button']}
19:16:06 INFO  manager.WebDriverListener - org.openqa.selenium.NoSuchElementException: no such element: Unable to locate element: {"method":"xpath","selector":"//button[@type='button']"}
  (Session info: chrome=119.0.6045.159)
For documentation on this error, please visit: https://www.seleniumhq.org/exceptions/no_such_element.html
Build info: version: '3.141.59', revision: 'e82be7d358', time: '2018-11-14T08:17:03'
System info: host: 'Ilyas-MacBook-Air.local', ip: '2a01:73c0:66e:e6fa:f1cf:b959:e3ec:5fc1%en0', os.name: 'Mac OS X', os.arch: 'aarch64', os.version: '13.6', java.version: '1.8.0_381'
Driver info: org.openqa.selenium.chrome.ChromeDriver
Capabilities {acceptInsecureCerts: false, browserName: chrome, browserVersion: 119.0.6045.159, chrome: {chromedriverVersion: 119.0.6045.105 (38c72552c5e..., userDataDir: /var/folders/wv/d1h11w2x5lq...}, fedcm:accounts: true, goog:chromeOptions: {debuggerAddress: localhost:61483}, javascriptEnabled: true, networkConnectionEnabled: false, pageLoadStrategy: normal, platform: MAC, platformName: MAC, proxy: Proxy(), setWindowRect: true, strictFileInteractability: false, timeouts: {implicit: 0, pageLoad: 300000, script: 30000}, unhandledPromptBehavior: dismiss and notify, webauthn:extension:credBlob: true, webauthn:extension:largeBlob: true, webauthn:extension:minPinLength: true, webauthn:extension:prf: true, webauthn:virtualAuthenticators: true}
Session ID: aea9bae6ccffcc9e00e9878b4a04cce3
*** Element info: {Using=xpath, value=//button[@type='button']}
19:16:07 INFO  manager.WebDriverListener - Screenshot----> src/test/screenshots/screen966.png
